Update date : Thu Oct 03 17:15:04 GMT 2024
 
 Table 'activite' found in repository
 . Column 'date_ouverture' : Database type changed to VARCHAR
 . Column 'date_ouverture' : JDBC type code changed to 12
 . Column 'date_ouverture' : Size changed to 255
 . Column 'date_ouverture' updated
 . Column 'date_fermeture' : Database type changed to VARCHAR
 . Column 'date_fermeture' : JDBC type code changed to 12
 . Column 'date_fermeture' : Size changed to 255
 . Column 'date_fermeture' updated
 (*) table 'activite' updated : 2 change(s)
 
 Table 'activite_prestation' found in repository
 (=) table 'activite_prestation' unchanged
 
 Table 'command' found in repository
 (=) table 'command' unchanged
 
 Table 'evaluation_command' found in repository
 (=) table 'evaluation_command' unchanged
 
 Table 'images_prestation' found in repository
 (=) table 'images_prestation' unchanged
 
 Table 'moyen_deplacement' found in repository
 (=) table 'moyen_deplacement' unchanged
 
 Table 'prestataire_zone_livraison' found in repository
 (=) table 'prestataire_zone_livraison' unchanged
 
 Table 'prestation' found in repository
 (=) table 'prestation' unchanged
 
 Table 'prestation_moyen_deplacement' found in repository
 (=) table 'prestation_moyen_deplacement' unchanged
 
 Table 'record_image' found in repository
 (=) table 'record_image' unchanged
 
 Table 'role' found in repository
 (=) table 'role' unchanged
 
 Table 'type_client' found in repository
 (=) table 'type_client' unchanged
 
 Table 'utilisateur' found in repository
 (=) table 'utilisateur' unchanged
 
 Table 'utilisateur_activite' found in repository
 (=) table 'utilisateur_activite' unchanged
 
 Table 'utilisateur_role' found in repository
 (=) table 'utilisateur_role' unchanged
 
 Table 'zone_livraison' found in repository
 (=) table 'zone_livraison' unchanged
