Update date : Thu Oct 03 17:22:31 GMT 2024
 
 Table 'activite' found in repository
 (=) table 'activite' unchanged
 
 Table 'activite_prestation' found in repository
 (=) table 'activite_prestation' unchanged
 
 Table 'command' found in repository
 (=) table 'command' unchanged
 
 Table 'evaluation_command' found in repository
 (=) table 'evaluation_command' unchanged
 
 Table 'images_prestation' found in repository
 (=) table 'images_prestation' unchanged
 
 Table 'moyen_deplacement' found in repository
 (=) table 'moyen_deplacement' unchanged
 
 Table 'prestataire_zone_livraison' found in repository
 (=) table 'prestataire_zone_livraison' unchanged
 
 Table 'prestation' found in repository
 (=) table 'prestation' unchanged
 
 Table 'prestation_moyen_deplacement' found in repository
 (=) table 'prestation_moyen_deplacement' unchanged
 
 Table 'record_image' found in repository
 (=) table 'record_image' unchanged
 
 Table 'role' found in repository
 (=) table 'role' unchanged
 
 Table 'type_client' found in repository
 (=) table 'type_client' unchanged
 
 Table 'utilisateur' found in repository
 (=) table 'utilisateur' unchanged
 
 Table 'utilisateur_activite' found in repository
 (=) table 'utilisateur_activite' unchanged
 
 Table 'utilisateur_role' found in repository
 (=) table 'utilisateur_role' unchanged
 
 Table 'zone_livraison' found in repository
 (=) table 'zone_livraison' unchanged
