Update date : Sun Sep 29 23:03:48 GMT 2024
 
 Table 'command' found in repository
 (=) table 'command' unchanged
 
 Table 'coursier' found in repository
 (=) table 'coursier' unchanged
 
 Table 'coursier_moyen_deplacement' found in repository
 (=) table 'coursier_moyen_deplacement' unchanged
 
 Table 'customer' found in repository
 (=) table 'customer' unchanged
 
 Table 'evaluation_command' found in repository
 (=) table 'evaluation_command' unchanged
 
 Table 'evaluation_prestation' found in repository
 (=) table 'evaluation_prestation' unchanged
 
 Table 'evalutation_projet' found in repository
 (=) table 'evalutation_projet' unchanged
 
 Table 'images_prestation' found in repository
 (=) table 'images_prestation' unchanged
 
 Table 'moyen_deplacement' found in repository
 (=) table 'moyen_deplacement' unchanged
 
 Table 'prestation' found in repository
 (=) table 'prestation' unchanged
 
 Table 'projet' found in repository
 (=) table 'projet' unchanged
 
 Table 'record_image' found in repository
 (=) table 'record_image' unchanged
 
 Table 'utilisateur' found in repository
 (=) table 'utilisateur' unchanged
 
 Table 'vendeur' found in repository
 (=) table 'vendeur' unchanged
 
 Table 'zone_livraison' found in repository
 (=) table 'zone_livraison' unchanged
